<?xml version="1.0" encoding="UTF-8"?>
<testsuite name="MyServiceTests" tests="5" skipped="0" failures="0" errors="0" timestamp="2024-03-20T07:13:50" hostname="cc.local" time="1.236">
  <properties/>
  <testcase name="testSomeFood()" classname="MyServiceTests" time="1.217"/>
  <testcase name="testGetAllMatchedFood()" classname="MyServiceTests" time="0.014"/>
  <testcase name="testGetFoodtruckById()" classname="MyServiceTests" time="0.001"/>
  <testcase name="testCreateFoodtruck()" classname="MyServiceTests" time="0.001"/>
  <testcase name="testGetFoodtrucks()" classname="MyServiceTests" time="0.001"/>
  <system-out><![CDATA[
  .   ____          _            __ _ _
 /\\ / ___'_ __ _ _(_)_ __  __ _ \ \ \ \
( ( )\___ | '_ | '_| | '_ \/ _` | \ \ \ \
 \\/  ___)| |_)| | | | | || (_| |  ) ) ) )
  '  |____| .__|_| |_|_| |_\__, | / / / /
 =========|_|==============|___/=/_/_/_/
 :: Spring Boot ::                (v3.1.9)

2024-03-20T15:13:50.320+08:00  INFO 34337 --- [    Test worker] MyServiceTests                           : Starting MyServiceTests using Java 21.0.1 with PID 34337 (started by congchang in /Users/congchang/code/foodtruck/backend)
2024-03-20T15:13:50.321+08:00  INFO 34337 --- [    Test worker] MyServiceTests                           : The following 1 profile is active: "prod"
2024-03-20T15:13:50.636+08:00  INFO 34337 --- [    Test worker] MyServiceTests                           : Started MyServiceTests in 0.389 seconds (process running for 0.758)
]]></system-out>
  <system-err><![CDATA[WARNING: A Java agent has been loaded dynamically (/Users/congchang/.gradle/caches/modules-2/files-2.1/net.bytebuddy/byte-buddy-agent/1.14.12/be4984cb6fd1ef1d11f218a648889dfda44b8a15/byte-buddy-agent-1.14.12.jar)
WARNING: If a serviceability tool is in use, please run with -XX:+EnableDynamicAgentLoading to hide this warning
WARNING: If a serviceability tool is not in use, please run with -Djdk.instrument.traceUsage for more information
WARNING: Dynamic loading of agents will be disallowed by default in a future release
]]></system-err>
</testsuite>
